time="2024-03-22T19:11:21+07:00" level=error msg="invalid DSN: missing the slash separating the database name"
time="2024-03-22T19:12:44+07:00" level=info msg="&{0xc000136990 <nil> 0 0xc0002b4000 1}"
time="2024-03-22T19:13:00+07:00" level=info msg="Koneksi Berhasil"
time="2024-03-22T20:41:09+07:00" level=info msg=1
time="2024-03-22T20:41:09+07:00" level=info msg=1
time="2024-03-22T20:41:09+07:00" level=info msg=1
time="2024-03-22T20:41:09+07:00" level=info msg=1
time="2024-03-23T04:43:43+07:00" level=error msg="Error 1062 (23000): Duplicate entry '1' for key 'PRIMARY'"
time="2024-03-23T23:52:36+07:00" level=error msg="Config File \"config\" Not Found in \"[/Users/fauzannurhidayat/Documents/Go-Lang/golang-gorm/tests]\""
time="2024-03-24T01:18:08+07:00" level=error msg="sql: expected 2 arguments, got 1"
time="2024-03-25T17:22:50+07:00" level=info msg="&{0xc0001d8780 {200ms true false false 4} \x1b[32m%s\n\x1b[0m\x1b[32m[info] \x1b[0m \x1b[34;1m%s\n\x1b[0m\x1b[35m[warn] \x1b[0m \x1b[35m%s\n\x1b[0m\x1b[31m[error] \x1b[0m \x1b[32m%s\n\x1b[0m\x1b[33m[%.3fms] \x1b[34;1m[rows:%v]\x1b[0m %s \x1b[31;1m%s \x1b[35;1m%s\n\x1b[0m\x1b[33m[%.3fms] \x1b[34;1m[rows:%v]\x1b[0m %s \x1b[32m%s \x1b[33m%s\n\x1b[0m\x1b[31;1m[%.3fms] \x1b[33m[rows:%v]\x1b[35m %s\x1b[0m}"
time="2024-03-25T17:24:12+07:00" level=info msg="&{0xc000258780 {200ms true false false 4} \x1b[32m%s\n\x1b[0m\x1b[32m[info] \x1b[0m \x1b[34;1m%s\n\x1b[0m\x1b[35m[warn] \x1b[0m \x1b[35m%s\n\x1b[0m\x1b[31m[error] \x1b[0m \x1b[32m%s\n\x1b[0m\x1b[33m[%.3fms] \x1b[34;1m[rows:%v]\x1b[0m %s \x1b[31;1m%s \x1b[35;1m%s\n\x1b[0m\x1b[33m[%.3fms] \x1b[34;1m[rows:%v]\x1b[0m %s \x1b[32m%s \x1b[33m%s\n\x1b[0m\x1b[31;1m[%.3fms] \x1b[33m[rows:%v]\x1b[35m %s\x1b[0m}"
time="2024-03-25T17:54:16+07:00" level=info msg="&{0xc0002098f0 {1s false true true 1} %s\n[info]  %s\n[warn]  %s\n[error]  %s\n[%.3fms] [rows:%v] %s %s %s\n[%.3fms] [rows:%v] %s %s %s\n[%.3fms] [rows:%v] %s}"
time="2024-03-25T17:55:02+07:00" level=info msg="&{0xc0001998f0 {1s false true true 4} %s\n[info]  %s\n[warn]  %s\n[error]  %s\n[%.3fms] [rows:%v] %s %s %s\n[%.3fms] [rows:%v] %s %s %s\n[%.3fms] [rows:%v] %s}"
time="2024-03-25T17:56:19+07:00" level=info msg="&{0xc0001d98f0 {1s false true true 1} %s\n[info]  %s\n[warn]  %s\n[error]  %s\n[%.3fms] [rows:%v] %s %s %s\n[%.3fms] [rows:%v] %s %s %s\n[%.3fms] [rows:%v] %s}"
time="2024-03-25T17:59:25+07:00" level=info msg="&{0xc0002801b0 <nil> 0 0xc000007a40 2}"
time="2024-03-25T18:01:25+07:00" level=info msg="&map[FOR:0x9afd9a0 ON CONFLICT:0x9afd160 VALUES:0x9afd860]"
time="2024-03-25T18:01:37+07:00" level=info msg="map[FOR:0x22ef9a0 ON CONFLICT:0x22ef160 VALUES:0x22ef860]"
time="2024-03-25T18:09:16+07:00" level=info msg="&{0xc0001d98f0 {1s false true true 4} %s\n[info]  %s\n[warn]  %s\n[error]  %s\n[%.3fms] [rows:%v] %s %s %s\n[%.3fms] [rows:%v] %s %s %s\n[%.3fms] [rows:%v] %s}"
time="2024-03-25T18:09:50+07:00" level=info msg="&{0xc0002098f0 {1s false true true 4} %s\n[info]  %s\n[warn]  %s\n[error]  %s\n[%.3fms] [rows:%v] %s %s %s\n[%.3fms] [rows:%v] %s %s %s\n[%.3fms] [rows:%v] %s}"
time="2024-03-25T18:14:57+07:00" level=info msg="&{0xc000191920 {1s false true true 4} %s\n[info]  %s\n[warn]  %s\n[error]  %s\n[%.3fms] [rows:%v] %s %s %s\n[%.3fms] [rows:%v] %s %s %s\n[%.3fms] [rows:%v] %s}"
time="2024-03-25T19:35:57+07:00" level=info msg="%s\n[%.3fms] [rows:%v] %s"
time="2024-03-25T19:35:57+07:00" level=info msg="%s\n[%.3fms] [rows:%v] %s"
time="2024-03-25T19:37:58+07:00" level=info msg=0xc0002a8640
time="2024-03-25T19:37:58+07:00" level=info msg=0xc0002f2110
time="2024-03-25T19:38:13+07:00" level=info msg="%s\n[%.3fms] [rows:%v] %s"
time="2024-03-25T19:38:13+07:00" level=info msg="%s\n[%.3fms] [rows:%v] %s"
time="2024-03-25T19:39:30+07:00" level=info msg="%s\n[%.3fms] [rows:%v] %s"
time="2024-03-25T19:39:30+07:00" level=info msg="%s\n[%.3fms] [rows:%v] %s"
time="2024-03-25T19:47:05+07:00" level=info msg="%s\n[%.3fms] [rows:%v] %s"
time="2024-03-25T19:47:05+07:00" level=info msg="%s\n[%.3fms] [rows:%v] %s"
time="2024-03-25T19:47:28+07:00" level=info msg="%s\n[%.3fms] [rows:%v] %s"
time="2024-03-25T19:47:28+07:00" level=info msg="%s\n[%.3fms] [rows:%v] %s"
time="2024-03-25T19:51:20+07:00" level=info msg="%s\n[%.3fms] [rows:%v] %s"
time="2024-03-25T19:51:20+07:00" level=info msg="%s\n[%.3fms] [rows:%v] %s"
time="2024-03-25T19:52:04+07:00" level=info msg="%s\n[%.3fms] [rows:%v] %s"
time="2024-03-25T19:52:04+07:00" level=info msg="%s\n[%.3fms] [rows:%v] %s"
time="2024-03-25T19:54:12+07:00" level=info msg="[/Users/fauzannurhidayat/Documents/Go-Lang/golang-gorm/tests/db_operation_test.go:533 3.403216 1 SELECT `users`.`id`,`users`.`first_name`,`users`.`middle_name`,`users`.`last_name`,`users`.`password`,`users`.`created_at`,`users`.`updated_at` FROM `users` join wallets on wallets.user_id = users.id]"
time="2024-03-25T19:54:12+07:00" level=info msg="[/Users/fauzannurhidayat/Documents/Go-Lang/golang-gorm/tests/db_operation_test.go:539 1.716829 100 SELECT `users`.`id`,`users`.`first_name`,`users`.`middle_name`,`users`.`last_name`,`users`.`password`,`users`.`created_at`,`users`.`updated_at`,`Wallet`.`id` AS `Wallet__id`,`Wallet`.`user_id` AS `Wallet__user_id`,`Wallet`.`balance` AS `Wallet__balance`,`Wallet`.`created_at` AS `Wallet__created_at`,`Wallet`.`updated_at` AS `Wallet__updated_at` FROM `users` LEFT JOIN `wallets` `Wallet` ON `users`.`id` = `Wallet`.`user_id`]"
time="2024-03-25T19:56:14+07:00" level=info msg="[/Users/fauzannurhidayat/Documents/Go-Lang/golang-gorm/tests/db_operation_test.go:533 4.54501 1 SELECT `users`.`id`,`users`.`first_name`,`users`.`middle_name`,`users`.`last_name`,`users`.`password`,`users`.`created_at`,`users`.`updated_at` FROM `users` join wallets on wallets.user_id = users.id]"
time="2024-03-25T19:56:14+07:00" level=info msg="[/Users/fauzannurhidayat/Documents/Go-Lang/golang-gorm/tests/db_operation_test.go:539 1.941519 100 SELECT `users`.`id`,`users`.`first_name`,`users`.`middle_name`,`users`.`last_name`,`users`.`password`,`users`.`created_at`,`users`.`updated_at`,`Wallet`.`id` AS `Wallet__id`,`Wallet`.`user_id` AS `Wallet__user_id`,`Wallet`.`balance` AS `Wallet__balance`,`Wallet`.`created_at` AS `Wallet__created_at`,`Wallet`.`updated_at` AS `Wallet__updated_at` FROM `users` LEFT JOIN `wallets` `Wallet` ON `users`.`id` = `Wallet`.`user_id`]"
time="2024-03-25T21:32:12+07:00" level=info msg="[/Users/fauzannurhidayat/Documents/Go-Lang/golang-gorm/tests/db_operation_test.go:533 8.072745 1 SELECT `users`.`id`,`users`.`first_name`,`users`.`middle_name`,`users`.`last_name`,`users`.`password`,`users`.`created_at`,`users`.`updated_at` FROM `users` join wallets on wallets.user_id = users.id]"
time="2024-03-25T21:32:12+07:00" level=info msg="[/Users/fauzannurhidayat/Documents/Go-Lang/golang-gorm/tests/db_operation_test.go:539 1.480953 100 SELECT `users`.`id`,`users`.`first_name`,`users`.`middle_name`,`users`.`last_name`,`users`.`password`,`users`.`created_at`,`users`.`updated_at`,`Wallet`.`id` AS `Wallet__id`,`Wallet`.`user_id` AS `Wallet__user_id`,`Wallet`.`balance` AS `Wallet__balance`,`Wallet`.`created_at` AS `Wallet__created_at`,`Wallet`.`updated_at` AS `Wallet__updated_at` FROM `users` LEFT JOIN `wallets` `Wallet` ON `users`.`id` = `Wallet`.`user_id`]"
time="2024-03-25T21:39:50+07:00" level=info msg="[/Users/fauzannurhidayat/Documents/Go-Lang/golang-gorm/tests/db_operation_test.go:533 3.635355 1 SELECT `users`.`id`,`users`.`first_name`,`users`.`middle_name`,`users`.`last_name`,`users`.`password`,`users`.`created_at`,`users`.`updated_at` FROM `users` join wallets on wallets.user_id = users.id]"
time="2024-03-25T21:39:50+07:00" level=info msg="[/Users/fauzannurhidayat/Documents/Go-Lang/golang-gorm/tests/db_operation_test.go:539 1.473793 100 SELECT `users`.`id`,`users`.`first_name`,`users`.`middle_name`,`users`.`last_name`,`users`.`password`,`users`.`created_at`,`users`.`updated_at`,`Wallet`.`id` AS `Wallet__id`,`Wallet`.`user_id` AS `Wallet__user_id`,`Wallet`.`balance` AS `Wallet__balance`,`Wallet`.`created_at` AS `Wallet__created_at`,`Wallet`.`updated_at` AS `Wallet__updated_at` FROM `users` LEFT JOIN `wallets` `Wallet` ON `users`.`id` = `Wallet`.`user_id`]"
time="2024-03-25T21:41:29+07:00" level=info msg="[/Users/fauzannurhidayat/Documents/Go-Lang/golang-gorm/tests/db_operation_test.go:533 2.622821 1 SELECT `users`.`id`,`users`.`first_name`,`users`.`middle_name`,`users`.`last_name`,`users`.`password`,`users`.`created_at`,`users`.`updated_at` FROM `users` join wallets on wallets.user_id = users.id]"
time="2024-03-25T21:41:29+07:00" level=info msg="[/Users/fauzannurhidayat/Documents/Go-Lang/golang-gorm/tests/db_operation_test.go:539 1.43054 100 SELECT `users`.`id`,`users`.`first_name`,`users`.`middle_name`,`users`.`last_name`,`users`.`password`,`users`.`created_at`,`users`.`updated_at`,`Wallet`.`id` AS `Wallet__id`,`Wallet`.`user_id` AS `Wallet__user_id`,`Wallet`.`balance` AS `Wallet__balance`,`Wallet`.`created_at` AS `Wallet__created_at`,`Wallet`.`updated_at` AS `Wallet__updated_at` FROM `users` LEFT JOIN `wallets` `Wallet` ON `users`.`id` = `Wallet`.`user_id`]"
time="2024-03-25T21:42:17+07:00" level=info msg="[/Users/fauzannurhidayat/Documents/Go-Lang/golang-gorm/tests/db_operation_test.go:533 2.658058 1 SELECT `users`.`id`,`users`.`first_name`,`users`.`middle_name`,`users`.`last_name`,`users`.`password`,`users`.`created_at`,`users`.`updated_at` FROM `users` join wallets on wallets.user_id = users.id]"
time="2024-03-25T21:42:17+07:00" level=info msg="[/Users/fauzannurhidayat/Documents/Go-Lang/golang-gorm/tests/db_operation_test.go:539 1.271118 100 SELECT `users`.`id`,`users`.`first_name`,`users`.`middle_name`,`users`.`last_name`,`users`.`password`,`users`.`created_at`,`users`.`updated_at`,`Wallet`.`id` AS `Wallet__id`,`Wallet`.`user_id` AS `Wallet__user_id`,`Wallet`.`balance` AS `Wallet__balance`,`Wallet`.`created_at` AS `Wallet__created_at`,`Wallet`.`updated_at` AS `Wallet__updated_at` FROM `users` LEFT JOIN `wallets` `Wallet` ON `users`.`id` = `Wallet`.`user_id`]"
time="2024-03-25T21:42:24+07:00" level=info msg="[/Users/fauzannurhidayat/Documents/Go-Lang/golang-gorm/tests/db_operation_test.go:533 2.325343 1 SELECT `users`.`id`,`users`.`first_name`,`users`.`middle_name`,`users`.`last_name`,`users`.`password`,`users`.`created_at`,`users`.`updated_at` FROM `users` join wallets on wallets.user_id = users.id]"
time="2024-03-25T21:42:24+07:00" level=info msg="[/Users/fauzannurhidayat/Documents/Go-Lang/golang-gorm/tests/db_operation_test.go:539 3.156941 100 SELECT `users`.`id`,`users`.`first_name`,`users`.`middle_name`,`users`.`last_name`,`users`.`password`,`users`.`created_at`,`users`.`updated_at`,`Wallet`.`id` AS `Wallet__id`,`Wallet`.`user_id` AS `Wallet__user_id`,`Wallet`.`balance` AS `Wallet__balance`,`Wallet`.`created_at` AS `Wallet__created_at`,`Wallet`.`updated_at` AS `Wallet__updated_at` FROM `users` LEFT JOIN `wallets` `Wallet` ON `users`.`id` = `Wallet`.`user_id`]"
time="2024-03-25T21:42:53+07:00" level=info msg="[/Users/fauzannurhidayat/Documents/Go-Lang/golang-gorm/tests/db_operation_test.go:533 2.949383 1 SELECT `users`.`id`,`users`.`first_name`,`users`.`middle_name`,`users`.`last_name`,`users`.`password`,`users`.`created_at`,`users`.`updated_at` FROM `users` join wallets on wallets.user_id = users.id]"
time="2024-03-25T21:42:53+07:00" level=info msg="[/Users/fauzannurhidayat/Documents/Go-Lang/golang-gorm/tests/db_operation_test.go:539 1.35911 100 SELECT `users`.`id`,`users`.`first_name`,`users`.`middle_name`,`users`.`last_name`,`users`.`password`,`users`.`created_at`,`users`.`updated_at`,`Wallet`.`id` AS `Wallet__id`,`Wallet`.`user_id` AS `Wallet__user_id`,`Wallet`.`balance` AS `Wallet__balance`,`Wallet`.`created_at` AS `Wallet__created_at`,`Wallet`.`updated_at` AS `Wallet__updated_at` FROM `users` LEFT JOIN `wallets` `Wallet` ON `users`.`id` = `Wallet`.`user_id`]"
time="2024-03-25T21:43:57+07:00" level=info msg="[/Users/fauzannurhidayat/Documents/Go-Lang/golang-gorm/tests/db_operation_test.go:533 3.524254 1 SELECT `users`.`id`,`users`.`first_name`,`users`.`middle_name`,`users`.`last_name`,`users`.`password`,`users`.`created_at`,`users`.`updated_at` FROM `users` join wallets on wallets.user_id = users.id]"
time="2024-03-25T21:43:57+07:00" level=info msg="[/Users/fauzannurhidayat/Documents/Go-Lang/golang-gorm/tests/db_operation_test.go:539 5.149903 100 SELECT `users`.`id`,`users`.`first_name`,`users`.`middle_name`,`users`.`last_name`,`users`.`password`,`users`.`created_at`,`users`.`updated_at`,`Wallet`.`id` AS `Wallet__id`,`Wallet`.`user_id` AS `Wallet__user_id`,`Wallet`.`balance` AS `Wallet__balance`,`Wallet`.`created_at` AS `Wallet__created_at`,`Wallet`.`updated_at` AS `Wallet__updated_at` FROM `users` LEFT JOIN `wallets` `Wallet` ON `users`.`id` = `Wallet`.`user_id`]"
time="2024-03-25T21:44:46+07:00" level=info msg="[/Users/fauzannurhidayat/Documents/Go-Lang/golang-gorm/tests/db_operation_test.go:533 8.11872 1 SELECT `users`.`id`,`users`.`first_name`,`users`.`middle_name`,`users`.`last_name`,`users`.`password`,`users`.`created_at`,`users`.`updated_at` FROM `users` join wallets on wallets.user_id = users.id]"
time="2024-03-25T21:44:46+07:00" level=info msg="[/Users/fauzannurhidayat/Documents/Go-Lang/golang-gorm/tests/db_operation_test.go:539 2.9412 100 SELECT `users`.`id`,`users`.`first_name`,`users`.`middle_name`,`users`.`last_name`,`users`.`password`,`users`.`created_at`,`users`.`updated_at`,`Wallet`.`id` AS `Wallet__id`,`Wallet`.`user_id` AS `Wallet__user_id`,`Wallet`.`balance` AS `Wallet__balance`,`Wallet`.`created_at` AS `Wallet__created_at`,`Wallet`.`updated_at` AS `Wallet__updated_at` FROM `users` LEFT JOIN `wallets` `Wallet` ON `users`.`id` = `Wallet`.`user_id`]"
time="2024-03-25T21:45:15+07:00" level=info msg="[/Users/fauzannurhidayat/Documents/Go-Lang/golang-gorm/tests/db_operation_test.go:533 5.534759 1 SELECT `users`.`id`,`users`.`first_name`,`users`.`middle_name`,`users`.`last_name`,`users`.`password`,`users`.`created_at`,`users`.`updated_at` FROM `users` join wallets on wallets.user_id = users.id]"
time="2024-03-25T21:45:15+07:00" level=info msg="[/Users/fauzannurhidayat/Documents/Go-Lang/golang-gorm/tests/db_operation_test.go:539 3.527812 100 SELECT `users`.`id`,`users`.`first_name`,`users`.`middle_name`,`users`.`last_name`,`users`.`password`,`users`.`created_at`,`users`.`updated_at`,`Wallet`.`id` AS `Wallet__id`,`Wallet`.`user_id` AS `Wallet__user_id`,`Wallet`.`balance` AS `Wallet__balance`,`Wallet`.`created_at` AS `Wallet__created_at`,`Wallet`.`updated_at` AS `Wallet__updated_at` FROM `users` LEFT JOIN `wallets` `Wallet` ON `users`.`id` = `Wallet`.`user_id`]"
time="2024-03-25T21:54:30+07:00" level=info msg="[/Users/fauzannurhidayat/Documents/Go-Lang/golang-gorm/tests/db_operation_test.go:533 3.36538 1 SELECT `users`.`id`,`users`.`first_name`,`users`.`middle_name`,`users`.`last_name`,`users`.`password`,`users`.`created_at`,`users`.`updated_at` FROM `users` join wallets on wallets.user_id = users.id]"
time="2024-03-25T21:54:30+07:00" level=info msg="[/Users/fauzannurhidayat/Documents/Go-Lang/golang-gorm/tests/db_operation_test.go:539 1.251551 100 SELECT `users`.`id`,`users`.`first_name`,`users`.`middle_name`,`users`.`last_name`,`users`.`password`,`users`.`created_at`,`users`.`updated_at`,`Wallet`.`id` AS `Wallet__id`,`Wallet`.`user_id` AS `Wallet__user_id`,`Wallet`.`balance` AS `Wallet__balance`,`Wallet`.`created_at` AS `Wallet__created_at`,`Wallet`.`updated_at` AS `Wallet__updated_at` FROM `users` LEFT JOIN `wallets` `Wallet` ON `users`.`id` = `Wallet`.`user_id`]"
